<?xml version="1.0" encoding="UTF-8"?>
<testsuite xmlns:xsi="http://www.w3.org/2001/XMLSchema-instance" xsi:noNamespaceSchemaLocation="https://maven.apache.org/surefire/maven-surefire-plugin/xsd/surefire-test-report.xsd" version="3.0.1" name="com.JetEdge.OwnerPortal.RunnerClass.JE_OP_2_HomePageRunnerTest" time="37.109" tests="1" errors="1" skipped="0" failures="0">
  <properties>
[...]
</properties>
  <testcase name="Homepage:Live Hours #8" classname="HOMEPAGE" time="37.046">
    <error message="unexpected alert open: {Alert text : Error: The type initializer for genclass threw an exception.&#10;&#10;An error occured in Function: Bind_CurrentBalance&#10;Line: 1195}&#10;  (Session info: chrome=126.0.6478.62): Error: The type initializer for genclass threw an exception.&#10;&#10;An error occured in Function: Bind_CurrentBalance&#10;Line: 1195&#10;Build info: version: &apos;4.21.0&apos;, revision: &apos;79ed462ef4&apos;&#10;System info: os.name: &apos;Windows 11&apos;, os.arch: &apos;amd64&apos;, os.version: &apos;10.0&apos;, java.version: &apos;21.0.2&apos;&#10;Driver info: org.openqa.selenium.chrome.ChromeDriver&#10;Command: [f96acf2e6ea52d58e9b75f478cab123e, findElement {using=id, value=ContentPlaceHolder1_gvRequestSummary_imbView_0}]&#10;Capabilities {acceptInsecureCerts: false, browserName: chrome, browserVersion: 126.0.6478.62, chrome: {chromedriverVersion: 125.0.6422.78 (14db42ec38ad..., userDataDir: C:\WINDOWS\SystemTemp\scope...}, fedcm:accounts: true, goog:chromeOptions: {debuggerAddress: localhost:58481}, networkConnectionEnabled: false, pageLoadStrategy: normal, platformName: windows, proxy: Proxy(), se:cdp: ws://localhost:58481/devtoo..., se:cdpVersion: 126.0.6478.62, setWindowRect: true, strictFileInteractability: false, timeouts: {implicit: 0, pageLoad: 300000, script: 30000}, unhandledPromptBehavior: dismiss and notify, webauthn:extension:credBlob: true, webauthn:extension:largeBlob: true, webauthn:extension:minPinLength: true, webauthn:extension:prf: true, webauthn:virtualAuthenticators: true}&#10;Session ID: f96acf2e6ea52d58e9b75f478cab123e" type="org.openqa.selenium.UnhandledAlertException"><![CDATA[org.openqa.selenium.UnhandledAlertException: 
unexpected alert open: {Alert text : Error: The type initializer for genclass threw an exception.

An error occured in Function: Bind_CurrentBalance
Line: 1195}
  (Session info: chrome=126.0.6478.62): Error: The type initializer for genclass threw an exception.

An error occured in Function: Bind_CurrentBalance
Line: 1195
Build info: version: '4.21.0', revision: '79ed462ef4'
System info: os.name: 'Windows 11', os.arch: 'amd64', os.version: '10.0', java.version: '21.0.2'
Driver info: org.openqa.selenium.chrome.ChromeDriver
Command: [f96acf2e6ea52d58e9b75f478cab123e, findElement {using=id, value=ContentPlaceHolder1_gvRequestSummary_imbView_0}]
Capabilities {acceptInsecureCerts: false, browserName: chrome, browserVersion: 126.0.6478.62, chrome: {chromedriverVersion: 125.0.6422.78 (14db42ec38ad..., userDataDir: C:\WINDOWS\SystemTemp\scope...}, fedcm:accounts: true, goog:chromeOptions: {debuggerAddress: localhost:58481}, networkConnectionEnabled: false, pageLoadStrategy: normal, platformName: windows, proxy: Proxy(), se:cdp: ws://localhost:58481/devtoo..., se:cdpVersion: 126.0.6478.62, setWindowRect: true, strictFileInteractability: false, timeouts: {implicit: 0, pageLoad: 300000, script: 30000}, unhandledPromptBehavior: dismiss and notify, webauthn:extension:credBlob: true, webauthn:extension:largeBlob: true, webauthn:extension:minPinLength: true, webauthn:extension:prf: true, webauthn:virtualAuthenticators: true}
Session ID: f96acf2e6ea52d58e9b75f478cab123e
	at org.openqa.selenium.remote.codec.w3c.W3CHttpResponseCodec.decode(W3CHttpResponseCodec.java:136)
	at org.openqa.selenium.remote.codec.w3c.W3CHttpResponseCodec.decode(W3CHttpResponseCodec.java:50)
	at org.openqa.selenium.remote.HttpCommandExecutor.execute(HttpCommandExecutor.java:190)
	at org.openqa.selenium.remote.service.DriverCommandExecutor.invokeExecute(DriverCommandExecutor.java:216)
	at org.openqa.selenium.remote.service.DriverCommandExecutor.execute(DriverCommandExecutor.java:174)
	at org.openqa.selenium.remote.RemoteWebDriver.execute(RemoteWebDriver.java:518)
	at org.openqa.selenium.remote.ElementLocation$ElementFinder$2.findElement(ElementLocation.java:165)
	at org.openqa.selenium.remote.ElementLocation.findElement(ElementLocation.java:59)
	at org.openqa.selenium.remote.RemoteWebDriver.findElement(RemoteWebDriver.java:355)
	at org.openqa.selenium.remote.RemoteWebDriver.findElement(RemoteWebDriver.java:349)
	at org.openqa.selenium.support.ui.ExpectedConditions$7.apply(ExpectedConditions.java:194)
	at org.openqa.selenium.support.ui.ExpectedConditions$7.apply(ExpectedConditions.java:190)
	at org.openqa.selenium.support.ui.ExpectedConditions$22.apply(ExpectedConditions.java:627)
	at org.openqa.selenium.support.ui.ExpectedConditions$22.apply(ExpectedConditions.java:624)
	at org.openqa.selenium.support.ui.FluentWait.until(FluentWait.java:203)
	at com.JetEdge.OwnerPortal.StepDefinition.JE_OP_2_HomePage.Click_View_button_In_Request_Flight(JE_OP_2_HomePage.java:530)
	at ✽.Click View button In Request Flight(file:///C:/Users/thirumaran/eclipse-workspace/JetEdgeOwnerPortal/src/test/resources/FeatureFiles/JE_OP_2_HomePage.feature:402)
]]></error>
    <system-out><![CDATA[
@TC_34
Scenario: Homepage:Live Hours                                                                                                   &amp#27;[90m# src/test/resources/FeatureFiles/JE_OP_2_HomePage.feature:394&amp#27;[0m
  &amp#27;[32mGiven &amp#27;[0m&amp#27;[32mTo Check HomePage User is navigating to JetEdge URL is &amp#27;[0m&amp#27;[32m&amp#27;[1m"https://preprod.flyjetedge.aero/ownerV2/login.aspx"&amp#27;[0m             &amp#27;[90m# com.JetEdge.OwnerPortal.StepDefinition.JE_OP_2_HomePage.user_is_navigating_to_jet_edge_Signin_url_is(java.lang.String)&amp#27;[0m
Username and password entered
  &amp#27;[32mWhen &amp#27;[0m&amp#27;[32mTo Check HomePage User Enter Valid username and Valid password are &amp#27;[0m&amp#27;[32m&amp#27;[1m"soundharya@sankarasoftware.com"&amp#27;[0m&amp#27;[32m and &amp#27;[0m&amp#27;[32m&amp#27;[1m"Soundharya@321"&amp#27;[0m &amp#27;[90m# com.JetEdge.OwnerPortal.StepDefinition.JE_OP_2_HomePage.username_and_password_are_and(java.lang.String,java.lang.String)&amp#27;[0m
login button clicked
  &amp#27;[32mAnd &amp#27;[0m&amp#27;[32mclick the login button To Check HomePage&amp#27;[0m                                                                                  &amp#27;[90m# com.JetEdge.OwnerPortal.StepDefinition.JE_OP_2_HomePage.click_the_SignIn_button()&amp#27;[0m
  &amp#27;[32mThen &amp#27;[0m&amp#27;[32mSelect Valid Tail To Check HomePage&amp#27;[0m                                                                                      &amp#27;[90m# com.JetEdge.OwnerPortal.StepDefinition.JE_OP_2_HomePage.Select_Valid_Tail_To_Check_Signin()&amp#27;[0m
  &amp#27;[32mAnd &amp#27;[0m&amp#27;[32mClick Continue button To Check HomePage&amp#27;[0m                                                                                   &amp#27;[90m# com.JetEdge.OwnerPortal.StepDefinition.JE_OP_2_HomePage.Click_Continue_button_To_Check_HomePage()&amp#27;[0m
No Alert Message Is Displayed
No Alert Message Is Displayed
  &amp#27;[32mThen &amp#27;[0m&amp#27;[32mClick Home button To Check HomePage&amp#27;[0m                                                                                      &amp#27;[90m# com.JetEdge.OwnerPortal.StepDefinition.JE_OP_2_HomePage.Click_Home_button_To_Check_HomePage()&amp#27;[0m
No Alert Message Is Displayed
No Alert Message Is Displayed
  &amp#27;[32mAnd &amp#27;[0m&amp#27;[32mClick Request Flight button In Home button&amp#27;[0m                                                                                &amp#27;[90m# com.JetEdge.OwnerPortal.StepDefinition.JE_OP_2_HomePage.Click_Request_Flight_button_In_Home_button()&amp#27;[0m
  &amp#27;[31mThen &amp#27;[0m&amp#27;[31mClick View button In Request Flight&amp#27;[0m                                                                                      &amp#27;[90m# com.JetEdge.OwnerPortal.StepDefinition.JE_OP_2_HomePage.Click_View_button_In_Request_Flight()&amp#27;[0m
      &amp#27;[31morg.openqa.selenium.UnhandledAlertException: unexpected alert open: {Alert text : Error: The type initializer for genclass threw an exception.

An error occured in Function: Bind_CurrentBalance
Line: 1195}
  (Session info: chrome=126.0.6478.62): Error: The type initializer for genclass threw an exception.

An error occured in Function: Bind_CurrentBalance
Line: 1195
Build info: version: '4.21.0', revision: '79ed462ef4'
System info: os.name: 'Windows 11', os.arch: 'amd64', os.version: '10.0', java.version: '21.0.2'
Driver info: org.openqa.selenium.chrome.ChromeDriver
Command: [f96acf2e6ea52d58e9b75f478cab123e, findElement {using=id, value=ContentPlaceHolder1_gvRequestSummary_imbView_0}]
Capabilities {acceptInsecureCerts: false, browserName: chrome, browserVersion: 126.0.6478.62, chrome: {chromedriverVersion: 125.0.6422.78 (14db42ec38ad..., userDataDir: C:\WINDOWS\SystemTemp\scope...}, fedcm:accounts: true, goog:chromeOptions: {debuggerAddress: localhost:58481}, networkConnectionEnabled: false, pageLoadStrategy: normal, platformName: windows, proxy: Proxy(), se:cdp: ws://localhost:58481/devtoo..., se:cdpVersion: 126.0.6478.62, setWindowRect: true, strictFileInteractability: false, timeouts: {implicit: 0, pageLoad: 300000, script: 30000}, unhandledPromptBehavior: dismiss and notify, webauthn:extension:credBlob: true, webauthn:extension:largeBlob: true, webauthn:extension:minPinLength: true, webauthn:extension:prf: true, webauthn:virtualAuthenticators: true}
Session ID: f96acf2e6ea52d58e9b75f478cab123e
	at org.openqa.selenium.remote.codec.w3c.W3CHttpResponseCodec.decode(W3CHttpResponseCodec.java:136)
	at org.openqa.selenium.remote.codec.w3c.W3CHttpResponseCodec.decode(W3CHttpResponseCodec.java:50)
	at org.openqa.selenium.remote.HttpCommandExecutor.execute(HttpCommandExecutor.java:190)
	at org.openqa.selenium.remote.service.DriverCommandExecutor.invokeExecute(DriverCommandExecutor.java:216)
	at org.openqa.selenium.remote.service.DriverCommandExecutor.execute(DriverCommandExecutor.java:174)
	at org.openqa.selenium.remote.RemoteWebDriver.execute(RemoteWebDriver.java:518)
	at org.openqa.selenium.remote.ElementLocation$ElementFinder$2.findElement(ElementLocation.java:165)
	at org.openqa.selenium.remote.ElementLocation.findElement(ElementLocation.java:59)
	at org.openqa.selenium.remote.RemoteWebDriver.findElement(RemoteWebDriver.java:355)
	at org.openqa.selenium.remote.RemoteWebDriver.findElement(RemoteWebDriver.java:349)
	at org.openqa.selenium.support.ui.ExpectedConditions$7.apply(ExpectedConditions.java:194)
	at org.openqa.selenium.support.ui.ExpectedConditions$7.apply(ExpectedConditions.java:190)
	at org.openqa.selenium.support.ui.ExpectedConditions$22.apply(ExpectedConditions.java:627)
	at org.openqa.selenium.support.ui.ExpectedConditions$22.apply(ExpectedConditions.java:624)
	at org.openqa.selenium.support.ui.FluentWait.until(FluentWait.java:203)
	at com.JetEdge.OwnerPortal.StepDefinition.JE_OP_2_HomePage.Click_View_button_In_Request_Flight(JE_OP_2_HomePage.java:530)
	at ✽.Click View button In Request Flight(file:///C:/Users/thirumaran/eclipse-workspace/JetEdgeOwnerPortal/src/test/resources/FeatureFiles/JE_OP_2_HomePage.feature:402)
&amp#27;[0m
  &amp#27;[36mAnd &amp#27;[0m&amp#27;[36mClick Delete button In Request Flight&amp#27;[0m                                                                                     &amp#27;[90m# com.JetEdge.OwnerPortal.StepDefinition.JE_OP_2_HomePage.Click_Delete_button_In_Request_Flight()&amp#27;[0m
  &amp#27;[36mAnd &amp#27;[0m&amp#27;[36mclose the HomePage Page&amp#27;[0m                                                                                                   &amp#27;[90m# com.JetEdge.OwnerPortal.StepDefinition.JE_OP_2_HomePage.close_the_Signin_Page()&amp#27;[0m
]]></system-out>
    <system-err><![CDATA[Jun 24, 2024 11:21:53 AM org.openqa.selenium.devtools.CdpVersionFinder findNearestMatch
WARNING: Unable to find an exact match for CDP version 126, returning the closest version; found: 125; Please update to a Selenium version that supports CDP version 126
]]></system-err>
  </testcase>
</testsuite>